 Total Nb of available Diagnostics: ndiagt=   301
------------------------------------------------------------------------------------
  Num  |<-Name->|Levs|  mate |<- code ->|<--  Units   -->|<- Tile (max=80c)         
------------------------------------------------------------------------------------
     1 |SDIAG1  |  1 |       |SM      L1|user-defined    |User-Defined   Surface   Diagnostic  #1
     2 |SDIAG2  |  1 |       |SM      L1|user-defined    |User-Defined   Surface   Diagnostic  #2
     3 |SDIAG3  |  1 |       |SM      L1|user-defined    |User-Defined   Surface   Diagnostic  #3
     4 |SDIAG4  |  1 |       |SM      L1|user-defined    |User-Defined   Surface   Diagnostic  #4
     5 |SDIAG5  |  1 |       |SM      L1|user-defined    |User-Defined   Surface   Diagnostic  #5
     6 |SDIAG6  |  1 |       |SM      L1|user-defined    |User-Defined   Surface   Diagnostic  #6
     7 |SDIAG7  |  1 |       |SU      L1|user-defined    |User-Defined U.pt Surface Diagnostic #7
     8 |SDIAG8  |  1 |       |SV      L1|user-defined    |User-Defined V.pt Surface Diagnostic #8
     9 |SDIAG9  |  1 |    10 |UU      L1|user-defined    |User-Defined U.vector Surface Diag.  #9
    10 |SDIAG10 |  1 |     9 |VV      L1|user-defined    |User-Defined V.vector Surface Diag. #10
    11 |UDIAG1  | 50 |       |SM      MR|user-defined    |User-Defined Model-Level Diagnostic  #1
    12 |UDIAG2  | 50 |       |SM      MR|user-defined    |User-Defined Model-Level Diagnostic  #2
    13 |UDIAG3  | 50 |       |SMR     MR|user-defined    |User-Defined Model-Level Diagnostic  #3
    14 |UDIAG4  | 50 |       |SMR     MR|user-defined    |User-Defined Model-Level Diagnostic  #4
    15 |UDIAG5  | 50 |       |SU      MR|user-defined    |User-Defined U.pt Model-Level Diag.  #5
    16 |UDIAG6  | 50 |       |SV      MR|user-defined    |User-Defined V.pt Model-Level Diag.  #6
    17 |UDIAG7  | 50 |    18 |UUR     MR|user-defined    |User-Defined U.vector Model-Lev Diag.#7
    18 |UDIAG8  | 50 |    17 |VVR     MR|user-defined    |User-Defined V.vector Model-Lev Diag.#8
    19 |UDIAG9  | 50 |       |SM      ML|user-defined    |User-Defined Phys-Level  Diagnostic  #9
    20 |UDIAG10 | 50 |       |SM      ML|user-defined    |User-Defined Phys-Level  Diagnostic #10
    21 |SDIAGC  |  1 |    22 |SM  C   L1|user-defined    |User-Defined Counted Surface Diagnostic
    22 |SDIAGCC |  1 |       |SM      L1|count           |User-Defined Surface Diagnostic Counter
    23 |ETAN    |  1 |       |SM      M1|m               |Surface Height Anomaly
    24 |ETANSQ  |  1 |       |SM P    M1|m^2             |Square of Surface Height Anomaly
    25 |DETADT2 |  1 |       |SM      M1|m^2/s^2         |Square of Surface Height Anomaly Tendency
    26 |THETA   | 50 |       |SMR     MR|degC            |Potential Temperature
    27 |SALT    | 50 |       |SMR     MR|g/kg            |Salinity
    28 |RELHUM  | 50 |       |SMR     MR|percent         |Relative Humidity
    29 |SALTanom| 50 |       |SMR     MR|g/kg            |Salt anomaly (=SALT-35; g/kg)
    30 |UVEL    | 50 |    31 |UUR     MR|m/s             |Zonal Component of Velocity (m/s)
    31 |VVEL    | 50 |    30 |VVR     MR|m/s             |Meridional Component of Velocity (m/s)
    32 |WVEL    | 50 |       |WM      LR|m/s             |Vertical Component of Velocity (r_units/s)
    33 |THETASQ | 50 |       |SMRP    MR|degC^2          |Square of Potential Temperature
    34 |SALTSQ  | 50 |       |SMRP    MR|(g/kg)^2        |Square of Salinity
    35 |SALTSQan| 50 |       |SMRP    MR|(g/kg)^2        |Square of Salt anomaly (=(SALT-35)^2 (g^2/kg^2)
    36 |UVELSQ  | 50 |    37 |UURP    MR|m^2/s^2         |Square of Zonal Comp of Velocity (m^2/s^2)
    37 |VVELSQ  | 50 |    36 |VVRP    MR|m^2/s^2         |Square of Meridional Comp of Velocity (m^2/s^2)
    38 |WVELSQ  | 50 |       |WM P    LR|m^2/s^2         |Square of Vertical Comp of Velocity
    39 |UE_VEL_C| 50 |    40 |UMR     MR|m/s             |Eastward Velocity (m/s) (cell center)
    40 |VN_VEL_C| 50 |    39 |VMR     MR|m/s             |Northward Velocity (m/s) (cell center)
    41 |UV_VEL_C| 50 |    41 |UMR     MR|m^2/s^2         |Product of horizontal Comp of velocity (cell center)
    42 |UV_VEL_Z| 50 |    42 |UZR     MR|m^2/s^2         |Meridional Transport of Zonal Momentum (m^2/s^2)
    43 |WU_VEL  | 50 |       |WU      LR|m.m/s^2         |Vertical Transport of Zonal Momentum
    44 |WV_VEL  | 50 |       |WV      LR|m.m/s^2         |Vertical Transport of Meridional Momentum
    45 |UVELMASS| 50 |    46 |UUr     MR|m/s             |Zonal Mass-Weighted Comp of Velocity (m/s)
    46 |VVELMASS| 50 |    45 |VVr     MR|m/s             |Meridional Mass-Weighted Comp of Velocity (m/s)
    47 |WVELMASS| 50 |       |WM      LR|m/s             |Vertical Mass-Weighted Comp of Velocity
    48 |PhiVEL  | 50 |    45 |SMR P   MR|m^2/s           |Horizontal Velocity Potential (m^2/s)
    49 |PsiVEL  | 50 |    48 |SZ  P   MR|m.m^2/s         |Horizontal Velocity Stream-Function
    50 |UTHMASS | 50 |    51 |UUr     MR|degC.m/s        |Zonal Mass-Weight Transp of Pot Temp
    51 |VTHMASS | 50 |    50 |VVr     MR|degC.m/s        |Meridional Mass-Weight Transp of Pot Temp
    52 |WTHMASS | 50 |       |WM      LR|degC.m/s        |Vertical Mass-Weight Transp of Pot Temp
    53 |USLTMASS| 50 |    54 |UUr     MR|g/kg.m/s        |Zonal Mass-Weight Transp of Salinity
    54 |VSLTMASS| 50 |    53 |VVr     MR|g/kg.m/s        |Meridional Mass-Weight Transp of Salinity
    55 |WSLTMASS| 50 |       |WM      LR|g/kg.m/s        |Vertical Mass-Weight Transp of Salinity
    56 |UVELTH  | 50 |    57 |UUR     MR|degC.m/s        |Zonal Transport of Pot Temp
    57 |VVELTH  | 50 |    56 |VVR     MR|degC.m/s        |Meridional Transport of Pot Temp
    58 |WVELTH  | 50 |       |WM      LR|degC.m/s        |Vertical Transport of Pot Temp
    59 |UVELSLT | 50 |    60 |UUR     MR|g/kg.m/s        |Zonal Transport of Salinity
    60 |VVELSLT | 50 |    59 |VVR     MR|g/kg.m/s        |Meridional Transport of Salinity
    61 |WVELSLT | 50 |       |WM      LR|g/kg.m/s        |Vertical Transport of Salinity
    62 |UVELPHI | 50 |    63 |UUr     MR|m^3/s^3         |Zonal Mass-Weight Transp of Pressure Pot.(p/rho) Anomaly
    63 |VVELPHI | 50 |    62 |VVr     MR|m^3/s^3         |Merid. Mass-Weight Transp of Pressure Pot.(p/rho) Anomaly
    64 |RHOAnoma| 50 |       |SMR     MR|kg/m^3          |Density Anomaly (=Rho-rhoConst)
    65 |RHOANOSQ| 50 |       |SMRP    MR|kg^2/m^6        |Square of Density Anomaly (=(Rho-rhoConst)^2)
    66 |URHOMASS| 50 |    67 |UUr     MR|kg/m^2/s        |Zonal Transport of Density
    67 |VRHOMASS| 50 |    66 |VVr     MR|kg/m^2/s        |Meridional Transport of Density
    68 |WRHOMASS| 50 |       |WM      LR|kg/m^2/s        |Vertical Transport of Density
    69 |WdRHO_P | 50 |       |WM      LR|kg/m^2/s        |Vertical velocity times delta^k(Rho)_at-const-P
    70 |WdRHOdP | 50 |       |WM      LR|kg/m^2/s        |Vertical velocity times delta^k(Rho)_at-const-T,S
    71 |PHIHYD  | 50 |       |SMR     MR|m^2/s^2         |Hydrostatic Pressure Pot.(p/rho) Anomaly
    72 |PHIHYDSQ| 50 |       |SMRP    MR|m^4/s^4         |Square of Hyd. Pressure Pot.(p/rho) Anomaly
    73 |PHIBOT  |  1 |       |SM      M1|m^2/s^2         |Bottom Pressure Pot.(p/rho) Anomaly
    74 |PHIBOTSQ|  1 |       |SM P    M1|m^4/s^4         |Square of Bottom Pressure Pot.(p/rho) Anomaly
    75 |PHI_SURF|  1 |       |SM      M1|m^2/s^2         |Surface Dynamical Pressure Pot.(p/rho)
    76 |PHIHYDcR| 50 |       |SMR     MR|m^2/s^2         |Hydrostatic Pressure Pot.(p/rho) Anomaly @ const r
    77 |MXLDEPTH|  1 |       |SM      M1|m               |Mixed-Layer Depth (>0)
    78 |DRHODR  | 50 |       |SM      LR|kg/m^4          |Stratification: d.Sigma/dr (kg/m3/r_unit)
    79 |CONVADJ | 50 |       |SMR     LR|fraction        |Convective Adjustment Index [0-1]
    80 |GCM_SST |  1 |       |SM      M1|degC            |Ocean model Sea Surface Temperature (degC)
    81 |oceTAUX |  1 |    82 |UU      U1|N/m^2           |zonal surface wind stress, >0 increases uVel
    82 |oceTAUY |  1 |    81 |VV      U1|N/m^2           |meridional surf. wind stress, >0 increases vVel
    83 |atmPload|  1 |       |SM      U1|Pa              |Atmospheric pressure loading anomaly (vs surf_pRef)
    84 |sIceLoad|  1 |       |SM      U1|kg/m^2          |sea-ice loading (in Mass of ice+snow / area unit)
    85 |oceFWflx|  1 |       |SM      U1|kg/m^2/s        |net surface Fresh-Water flux into the ocean (+=down), >0 decreases salinity
    86 |oceSflux|  1 |       |SM      U1|g/m^2/s         |net surface Salt flux into the ocean (+=down), >0 increases salinity
    87 |oceQnet |  1 |       |SM      U1|W/m^2           |net surface heat flux into the ocean (+=down), >0 increases theta
    88 |oceQsw  |  1 |       |SM      U1|W/m^2           |net Short-Wave radiation (+=down), >0 increases theta
    89 |oceFreez|  1 |       |SM      U1|W/m^2           |heating from freezing of sea-water (allowFreezing=T)
    90 |TRELAX  |  1 |       |SM      U1|W/m^2           |surface temperature relaxation, >0 increases theta
    91 |SRELAX  |  1 |       |SM      U1|g/m^2/s         |surface salinity relaxation, >0 increases salt
    92 |surForcT|  1 |       |SM      U1|W/m^2           |model surface forcing for Temperature, >0 increases theta
    93 |surForcS|  1 |       |SM      U1|g/m^2/s         |model surface forcing for Salinity, >0 increases salinity
    94 |TFLUX   |  1 |       |SM      U1|W/m^2           |total heat flux (match heat-content variations), >0 increases theta
    95 |SFLUX   |  1 |       |SM      U1|g/m^2/s         |total salt flux (match salt-content variations), >0 increases salt
    96 |RCENTER | 50 |       |SM      MR|m               |Cell-Center Height
    97 |RSURF   |  1 |       |SM      M1|m               |Surface Height
    98 |TOTUTEND| 50 |    99 |UUR     MR|m/s/day         |Tendency of Zonal Component of Velocity
    99 |TOTVTEND| 50 |    98 |VVR     MR|m/s/day         |Tendency of Meridional Component of Velocity
------------------------------------------------------------------------------------
  Num  |<-Name->|Levs|  mate |<- code ->|<--  Units   -->|<- Tile (max=80c)         
------------------------------------------------------------------------------------
   100 |TOTTTEND| 50 |       |SMR     MR|degC/day        |Tendency of Potential Temperature
   101 |TOTSTEND| 50 |       |SMR     MR|g/kg/day        |Tendency of Salinity
   102 |MoistCor| 50 |       |SM      MR|W/m^2           |Heating correction due to moist thermodynamics
   103 |gT_Forc | 50 |       |SMR     MR|degC/s          |Potential Temp. forcing tendency
   104 |gS_Forc | 50 |       |SMR     MR|g/kg/s          |Salinity forcing tendency
   105 |AB_gT   | 50 |       |SMR     MR|degC/s          |Potential Temp. tendency from Adams-Bashforth
   106 |AB_gS   | 50 |       |SMR     MR|g/kg/s          |Salinity tendency from Adams-Bashforth
   107 |gTinAB  | 50 |       |SMR     MR|degC/s          |Potential Temp. tendency going in Adams-Bashforth
   108 |gSinAB  | 50 |       |SMR     MR|g/kg/s          |Salinity tendency going in Adams-Bashforth
   109 |AB_gU   | 50 |   110 |UUR     MR|m/s^2           |U momentum tendency from Adams-Bashforth
   110 |AB_gV   | 50 |   109 |VVR     MR|m/s^2           |V momentum tendency from Adams-Bashforth
   111 |ADVr_TH | 50 |       |WM      LR|degC.m^3/s      |Vertical   Advective Flux of Pot.Temperature
   112 |ADVx_TH | 50 |   113 |UU      MR|degC.m^3/s      |Zonal      Advective Flux of Pot.Temperature
   113 |ADVy_TH | 50 |   112 |VV      MR|degC.m^3/s      |Meridional Advective Flux of Pot.Temperature
   114 |DFrE_TH | 50 |       |WM      LR|degC.m^3/s      |Vertical Diffusive Flux of Pot.Temperature (Explicit part)
   115 |DFxE_TH | 50 |   116 |UU      MR|degC.m^3/s      |Zonal      Diffusive Flux of Pot.Temperature
   116 |DFyE_TH | 50 |   115 |VV      MR|degC.m^3/s      |Meridional Diffusive Flux of Pot.Temperature
   117 |DFrI_TH | 50 |       |WM      LR|degC.m^3/s      |Vertical Diffusive Flux of Pot.Temperature (Implicit part)
   118 |ADVr_SLT| 50 |       |WM      LR|g/kg.m^3/s      |Vertical   Advective Flux of Salinity
   119 |ADVx_SLT| 50 |   120 |UU      MR|g/kg.m^3/s      |Zonal      Advective Flux of Salinity
   120 |ADVy_SLT| 50 |   119 |VV      MR|g/kg.m^3/s      |Meridional Advective Flux of Salinity
   121 |DFrE_SLT| 50 |       |WM      LR|g/kg.m^3/s      |Vertical Diffusive Flux of Salinity    (Explicit part)
   122 |DFxE_SLT| 50 |   123 |UU      MR|g/kg.m^3/s      |Zonal      Diffusive Flux of Salinity
   123 |DFyE_SLT| 50 |   122 |VV      MR|g/kg.m^3/s      |Meridional Diffusive Flux of Salinity
   124 |DFrI_SLT| 50 |       |WM      LR|g/kg.m^3/s      |Vertical Diffusive Flux of Salinity    (Implicit part)
   125 |SALTFILL| 50 |       |SM      MR|g/kg.m^3/s      |Filling of Negative Values of Salinity
   126 |EXFhs   |  1 |       |SM      U1|W/m^2           |Sensible heat flux into ocean, >0 increases theta
   127 |EXFhl   |  1 |       |SM      U1|W/m^2           |Latent heat flux into ocean, >0 increases theta
   128 |EXFlwnet|  1 |       |SM      U1|W/m^2           |Net upward longwave radiation, >0 decreases theta
   129 |EXFswnet|  1 |       |SM      U1|W/m^2           |Net upward shortwave radiation, >0 decreases theta
   130 |EXFlwdn |  1 |       |SM      U1|W/m^2           |Downward longwave radiation, >0 increases theta
   131 |EXFswdn |  1 |       |SM      U1|W/m^2           |Downward shortwave radiation, >0 increases theta
   132 |EXFqnet |  1 |       |SM      U1|W/m^2           |Net upward heat flux (turb+rad), >0 decreases theta
   133 |EXFtaux |  1 |       |UM      U1|N/m^2           |zonal surface wind stress, >0 increases uVel
   134 |EXFtauy |  1 |       |VM      U1|N/m^2           |meridional surface wind stress, >0 increases vVel
   135 |EXFuwind|  1 |       |UM      U1|m/s             |zonal 10-m wind speed, >0 eastward
   136 |EXFvwind|  1 |       |VM      U1|m/s             |meridional 10-m wind speed, >0 northward
   137 |EXFurelw|  1 |       |UM      U1|m/s             |zonal relative 10-m wind speed, >0 eastward
   138 |EXFvrelw|  1 |       |VM      U1|m/s             |meridional relative 10-m wind speed, >0 northward
   139 |EXFwspee|  1 |       |SM      U1|m/s             |10-m wind speed modulus ( >= 0 )
   140 |EXFatemp|  1 |       |SM      U1|degK            |surface (2-m) air temperature
   141 |EXFaqh  |  1 |       |SM      U1|kg/kg           |surface (2-m) specific humidity
   142 |EXFevap |  1 |       |SM      U1|m/s             |evaporation, > 0 increases salinity
   143 |EXFpreci|  1 |       |SM      U1|m/s             |precipitation, > 0 decreases salinity
   144 |EXFsnow |  1 |       |SM      U1|m/s             |snow precipitation, > 0 decreases salinity
   145 |EXFempmr|  1 |       |SM      U1|m/s             |net upward freshwater flux, > 0 increases salinity
   146 |EXFpress|  1 |       |SM      U1|N/m^2           |atmospheric pressure field
   147 |EXFroff |  1 |       |SM      U1|m/s             |river runoff, > 0 decreases salinity
   148 |EXFroft |  1 |       |SM      U1|deg C           |river runoff temperature
   149 |EXFsalfx|  1 |       |SM      U1|g/m^2/s         |upward salt flux, > 0 decreases salinity
   150 |GGL90TKE| 50 |       |SM      LR|m^2/s^2         |GGL90 sub-grid turbulent kinetic energy
   151 |GGL90Emn| 50 |       |SM      LR|m^2/s^3         |rate of TKE energy added by applying GGL90TKEmin
   152 |GGL90Lmx| 50 |       |SM      LR|m               |Mixing length scale
   153 |GGL90Prl| 50 |       |SM      LR|1               |Prandtl number used in GGL90
   154 |GGL90ArU| 50 |       |SM      LR|m^2/s           |GGL90 eddy viscosity at U-point
   155 |GGL90ArV| 50 |       |SM      LR|m^2/s           |GGL90 eddy viscosity at V-point
   156 |GGL90Kr | 50 |       |SM      LR|m^2/s           |GGL90 diffusion coefficient for temperature
   157 |GGL90KN2| 50 |       |SM      LR|m^2/s^3         |GGL90 diffusivity times buoyancy frequency
   158 |GGL90flx|  1 |       |SM      L1|m^3/s^3         |Surface flux of TKE
   159 |GGL90tau|  1 |       |SM      L1|m^3/s^3         |Work done by the wind
   160 |GGL90Sr2| 50 |       |SM      LR|1/s^2           |GGL90 shear squared
   161 |GGL90KpM| 50 |       |SM      LR|m^2/s           |GGL90 Kappa M
   162 |GGL90ShP| 50 |       |SM      LR|m^2/s^3         |GGL90 shear production term
   163 |GGL90MiW| 50 |       |SM      LR|m^2/s^3         |GGL90 mixing work term
   164 |GGL90Dis| 50 |       |SM      LR|m^2/s^3         |GGL90 dissipation term
   165 |GGL90a3d| 50 |       |SM      LR|                |GGL90 lower tri-diagonal term
   166 |GGL90b3d| 50 |       |SM      LR|                |GGL90 center tri-diagonal term
   167 |GGL90c3d| 50 |       |SM      LR|                |GGL90 upper tri-diagonal term
   168 |IDEMIX_E| 50 |       |SM      LR|m^2/s^2         |IDEMIX internal wave energy
   169 |IDEMgTKE| 50 |       |SM      LR|m^2/s^3         |IDEMIX tendency: tau_d times IDEMIX_E^2
   170 |IDEMIX_c| 50 |       |SM      LR|m/s             |IDEMIX vertical group velocity
   171 |IDEMIX_v| 50 |       |SM      LR|m/s             |IDEMIX horizontal group velocity
   172 |IDEMIX_t| 50 |       |SM      LR|s/m^2           |IDEMIX dissipation constant
   173 |IDEMIX_K| 50 |       |SM      LR|m^2/s           |IDEMIX vertical diffusivity
   174 |IDEMIX_F| 50 |       |SM      LR|m^2/s^3         |IDEMIX Forcing by gm
   175 |IDEM_F_b|  1 |       |SM      L1|m^3/s^3         |Tidal forcing at bottom
   176 |IDEM_F_s|  1 |       |SM      L1|m^3/s^3         |Wind forcing at surface
   177 |IDEM_F_g|  1 |       |SM      L1|m^3/s^3         |Integrated GM forcing
   178 |GM_hTrsL|  1 |       |SM P    M1|m               |Base depth (>0) of the Transition Layer
   179 |GM_baseS|  1 |       |SM P    M1|1               |Slope at the base of the Transition Layer
   180 |GM_rLamb|  1 |       |SM P    M1|1/m             |Slope vertical gradient at Trans. Layer Base (=recip.Lambda)
   181 |SubMesLf|  1 |       |SM P    M1|m               |Sub-Meso horiz. Length Scale (Lf)
   182 |SubMpsiX|  1 |   183 |UU      M1|m^2/s           |Sub-Meso transp.stream-funct. magnitude (Psi0): U component
   183 |SubMpsiY|  1 |   182 |VV      M1|m^2/s           |Sub-Meso transp.stream-funct. magnitude (Psi0): V component
   184 |GM_Kux  | 50 |   185 |UU P    MR|m^2/s           |K_11 element (U.point, X.dir) of GM-Redi tensor
   185 |GM_Kvy  | 50 |   184 |VV P    MR|m^2/s           |K_22 element (V.point, Y.dir) of GM-Redi tensor
   186 |GM_Kuz  | 50 |   187 |UU      MR|m^2/s           |K_13 element (U.point, Z.dir) of GM-Redi tensor
   187 |GM_Kvz  | 50 |   186 |VV      MR|m^2/s           |K_23 element (V.point, Z.dir) of GM-Redi tensor
   188 |GM_Kwx  | 50 |   189 |UM      LR|m^2/s           |K_31 element (W.point, X.dir) of GM-Redi tensor
   189 |GM_Kwy  | 50 |   188 |VM      LR|m^2/s           |K_32 element (W.point, Y.dir) of GM-Redi tensor
   190 |GM_Kwz  | 50 |       |WM P    LR|m^2/s           |K_33 element (W.point, Z.dir) of GM-Redi tensor
   191 |GM_PsiX | 50 |   192 |UU      LR|m^2/s           |GM Bolus transport stream-function : U component
   192 |GM_PsiY | 50 |   191 |VV      LR|m^2/s           |GM Bolus transport stream-function : V component
   193 |GM_KuzTz| 50 |   194 |UU      MR|degC.m^3/s      |Redi Off-diagonal Temperature flux: X component
   194 |GM_KvzTz| 50 |   193 |VV      MR|degC.m^3/s      |Redi Off-diagonal Temperature flux: Y component
   195 |GM_KwzTz| 50 |       |WM      LR|degC.m^3/s      |Redi main-diagonal vertical Temperature flux
   196 |GM_ubT  | 50 |   197 |UUr     MR|degC.m^3/s      |Zonal Mass-Weight Bolus Transp of Pot Temp
   197 |GM_vbT  | 50 |   196 |VVr     MR|degC.m^3/s      |Meridional Mass-Weight Bolus Transp of Pot Temp
   198 |GM_BVPcW|  1 |   199 |SU P    M1|m/s             |WKB wave speed (at Western edge location)
   199 |GM_BVPcS|  1 |   198 |SV P    M1|m/s             |WKB wave speed (at Southern edge location)
------------------------------------------------------------------------------------
  Num  |<-Name->|Levs|  mate |<- code ->|<--  Units   -->|<- Tile (max=80c)         
------------------------------------------------------------------------------------
   200 |SIarea  |  1 |       |SM      M1|m^2/m^2         |SEAICE fractional ice-covered area [0 to 1]
   201 |SIareaPR|  1 |       |SM      M1|m^2/m^2         |SIarea preceeding ridging process
   202 |SIareaPT|  1 |       |SM      M1|m^2/m^2         |SIarea preceeding thermodynamic growth/melt
   203 |SIheff  |  1 |       |SM      M1|m               |SEAICE effective ice thickness
   204 |SIheffPT|  1 |       |SM      M1|m               |SIheff preceeeding thermodynamic growth/melt
   205 |SIhsnow |  1 |       |SM      M1|m               |SEAICE effective snow thickness
   206 |SIhsnoPT|  1 |       |SM      M1|m               |SIhsnow preceeeding thermodynamic growth/melt
   207 |SIhsalt |  1 |       |SM      M1|g/m^2           |SEAICE effective salinity
   208 |SIenpa  |  1 |       |SM      M1|W/m^2           |SEAICE power input by surface wind stresses
   209 |SIenpw  |  1 |       |SM      M1|W/m^2           |SEAICE work done by ocean drag
   210 |SIenph  |  1 |       |SM      M1|W/m^2           |SEAICE power due to change in inertia
   211 |SIenpg  |  1 |       |SM      M1|W/m^2           |SEAICE work generated by gravity
   212 |SIenpi  |  1 |       |SM      M1|W/m^2           |SEAICE work done by internal stress
   213 |SIenpot |  1 |       |SM      M1|W/m^2           |SEAICE work done to change potential energy
   214 |SIpRfric|  1 |       |SM      M1|W/m^2           |SEAICE dissipation in ridging by internal stresses
   215 |SIpSfric|  1 |       |SM      M1|W/m^2           |SEAICE dissipation in shearing by internal stresses
   216 |SItices |  1 |   200 |SM  C   M1|K               |Surface Temperature over Sea-Ice (area weighted)
   217 |SIuice  |  1 |   218 |UU      M1|m/s             |SEAICE zonal ice velocity, >0 from West to East
   218 |SIvice  |  1 |   217 |VV      M1|m/s             |SEAICE merid. ice velocity, >0 from South to North
   219 |SItaux  |  1 |   220 |UU      U1|N/m^2           |SEAICE zonal surface wind stress, >0 increases uIce
   220 |SItauy  |  1 |   219 |VV      U1|N/m^2           |SEAICE merid surface wind stress, >0 increases vIce
   221 |SIatmTx |  1 |   222 |UU      U1|N/m^2           |Zonal surface wind stress over Ocean+SeaIce
   222 |SIatmTy |  1 |   221 |VV      U1|N/m^2           |Merid surface wind stress over Ocean+SeaIce
   223 |SIqnet  |  1 |       |SM      U1|W/m^2           |Ocean surface heatflux, turb+rad, >0 decreases theta
   224 |SIqsw   |  1 |       |SM      U1|W/m^2           |Ocean surface shortwave radiat., >0 decreases theta
   225 |SIatmQnt|  1 |       |SM      U1|W/m^2           |Net atmospheric heat flux, >0 decreases theta
   226 |SItflux |  1 |       |SM      U1|W/m^2           |Same as TFLUX but incl seaice (>0 incr T decr H)
   227 |SIaaflux|  1 |       |SM      U1|W/m^2           |conservative ocn<->seaice adv. heat flux adjust.
   228 |SIhl    |  1 |       |SM      U1|W/m^2           |Latent heat flux into ocean, >0 increases theta
   229 |SIqneto |  1 |       |SM      U1|W/m^2           |Open Ocean Part of SIqnet, turb+rad, >0 decr theta
   230 |SIqneti |  1 |       |SM      U1|W/m^2           |Ice Covered Part of SIqnet, turb+rad, >0 decr theta
   231 |SIempmr |  1 |       |SM      U1|kg/m^2/s        |Ocean surface freshwater flux, > 0 increases salt
   232 |SIatmFW |  1 |       |SM      U1|kg/m^2/s        |Net freshwater flux from atmosphere & land (+=down)
   233 |SIsnPrcp|  1 |       |SM      U1|kg/m^2/s        |Snow precip. (+=dw) over Sea-Ice (area weighted)
   234 |SIfwSubl|  1 |       |SM      U1|kg/m^2/s        |Potential sublimation freshwater flux, >0 decr. ice
   235 |SIacSubl|  1 |       |SM      U1|kg/m^2/s        |Actual sublimation freshwater flux, >0 decr. ice
   236 |SIrsSubl|  1 |       |SM      U1|kg/m^2/s        |Residual subl. freshwater flux, >0 taken from ocn
   237 |SIactLHF|  1 |       |SM      U1|W/m^2           |Actual latent heat flux over ice
   238 |SImaxLHF|  1 |       |SM      U1|W/m^2           |Maximum latent heat flux over ice
   239 |SIaQbOCN|  1 |       |SM      M1|m/s             |Potential HEFF rate of change by ocean ice flux
   240 |SIaQbATC|  1 |       |SM      M1|m/s             |Potential HEFF rate of change by atm flux over ice
   241 |SIaQbATO|  1 |       |SM      M1|m/s             |Potential HEFF rate of change by open ocn atm flux
   242 |SIdHbOCN|  1 |       |SM      M1|m/s             |HEFF rate of change by ocean ice flux
   243 |SIdSbATC|  1 |       |SM      M1|m/s             |HSNOW rate of change by atm flux over sea ice
   244 |SIdSbOCN|  1 |       |SM      M1|m/s             |HSNOW rate of change by ocean ice flux
   245 |SIdHbATC|  1 |       |SM      M1|m/s             |HEFF rate of change by atm flux over sea ice
   246 |SIdHbATO|  1 |       |SM      M1|m/s             |HEFF rate of change by open ocn atm flux
   247 |SIdHbFLO|  1 |       |SM      M1|m/s             |HEFF rate of change by flooding snow
   248 |SIdAbATO|  1 |       |SM      M1|m^2/m^2/s       |Potential AREA rate of change by open ocn atm flux
   249 |SIdAbATC|  1 |       |SM      M1|m^2/m^2/s       |Potential AREA rate of change by atm flux over ice
   250 |SIdAbOCN|  1 |       |SM      M1|m^2/m^2/s       |Potential AREA rate of change by ocean ice flux
   251 |SIdA    |  1 |       |SM      M1|m^2/m^2/s       |AREA rate of change (net)
   252 |ADVxHEFF|  1 |   253 |UU      M1|m.m^2/s         |Zonal      Advective Flux of eff ice thickn
   253 |ADVyHEFF|  1 |   252 |VV      M1|m.m^2/s         |Meridional Advective Flux of eff ice thickn
   254 |DFxEHEFF|  1 |   255 |UU      M1|m.m^2/s         |Zonal      Diffusive Flux of eff ice thickn
   255 |DFyEHEFF|  1 |   254 |VV      M1|m.m^2/s         |Meridional Diffusive Flux of eff ice thickn
   256 |ADVxAREA|  1 |   257 |UU      M1|m^2/m^2.m^2/s   |Zonal      Advective Flux of fract area
   257 |ADVyAREA|  1 |   256 |VV      M1|m^2/m^2.m^2/s   |Meridional Advective Flux of fract area
   258 |DFxEAREA|  1 |   259 |UU      M1|m^2/m^2.m^2/s   |Zonal      Diffusive Flux of fract area
   259 |DFyEAREA|  1 |   258 |VV      M1|m^2/m^2.m^2/s   |Meridional Diffusive Flux of fract area
   260 |ADVxSNOW|  1 |   261 |UU      M1|m.m^2/s         |Zonal      Advective Flux of eff snow thickn
   261 |ADVySNOW|  1 |   260 |VV      M1|m.m^2/s         |Meridional Advective Flux of eff snow thickn
   262 |DFxESNOW|  1 |   263 |UU      M1|m.m^2/s         |Zonal      Diffusive Flux of eff snow thickn
   263 |DFyESNOW|  1 |   262 |VV      M1|m.m^2/s         |Meridional Diffusive Flux of eff snow thickn
   264 |ADVxSSLT|  1 |   265 |UU      M1|g/kg.m^2/s      |Zonal      Advective Flux of seaice salinity
   265 |ADVySSLT|  1 |   264 |VV      M1|g/kg.m^2/s      |Meridional Advective Flux of seaice salinity
   266 |DFxESSLT|  1 |   267 |UU      M1|g/kg.m^2/s      |Zonal      Diffusive Flux of seaice salinity
   267 |DFyESSLT|  1 |   266 |VV      M1|g/kg.m^2/s      |Meridional Diffusive Flux of seaice salinity
   268 |SIuheff |  1 |   269 |UU      M1|m^2/s           |Zonal      Transport of eff ice thickn (centered)
   269 |SIvheff |  1 |   268 |VV      M1|m^2/s           |Meridional Transport of eff ice thickn (centered)
   270 |SIpress |  1 |       |SM      M1|N/m             |SEAICE strength (with upper and lower limit)
   271 |SIzeta  |  1 |       |SM      M1|kg/s            |SEAICE nonlinear bulk viscosity
   272 |SIeta   |  1 |       |SM      M1|kg/s            |SEAICE nonlinear shear viscosity
   273 |SIsig1  |  1 |       |SM      M1|no units        |SEAICE normalized principle stress, component one
   274 |SIsig2  |  1 |       |SM      M1|no units        |SEAICE normalized principle stress, component two
   275 |SIshear |  1 |       |SM      M1|1/s             |SEAICE shear deformation rate
   276 |SIdelta |  1 |       |SM      M1|1/s             |SEAICE Delta deformation rate
   277 |SItensil|  1 |       |SM      M1|N/m             |SEAICE maximal tensile strength
   278 |SIlsrRe |  1 |       |SM      M1|N/m             |SEAICE LSR residual norm
   279 |LaTr1RHO| 50 |       |SMR     MR|kg/m^3          |Pot. density (minus 1000) for layer averaging, ref_z= -1914.15,  37
   280 |LaUH1RHO| 88 |   281 |UU      MX|m.m/s           |Layer Integrated  zonal Transport (UH, m^2/s)
   281 |LaVH1RHO| 88 |   280 |VV      MX|m.m/s           |Layer Integrated merid. Transport (VH, m^2/s)
   282 |LaHw1RHO| 88 |   283 |SU      MX|m               |Layer Thickness at U points (m)
   283 |LaHs1RHO| 88 |   282 |SV      MX|m               |Layer Thickness at V points (m)
   284 |LaPw1RHO| 88 |   285 |SU      MX|1               |Layer Probability at U points [-]
   285 |LaPs1RHO| 88 |   284 |SV      MX|1               |Layer Probability at V points [-]
   286 |LaUa1RHO| 88 |   287 |UU      MX|m/s             |Layer-averaged U velocity (non-weighted) (m/s)
   287 |LaVa1RHO| 88 |   286 |VV      MX|m/s             |Layer-averaged V velocity (non-weighted) (m/s)
   288 |LaHc1RHO| 88 |       |SM      MX|m               |Layer Thickness at tracer points (m)
   289 |LaTs1RHO| 87 |       |SM      MX|m/s             |Layer thickness tendency due to THETA surf. forc.
   290 |LaTh1RHO| 87 |       |SM      MX|m/s             |Layer thickness tendency due to THETA horiz. diff.
   291 |LaTz1RHO| 87 |       |SM      MX|m/s             |Layer thickness tendency due to THETA vert. diff.
   292 |LTha1RHO| 87 |       |SM      MX|m/s             |Layer thickness tendency due to THETA horiz. adv.
   293 |LTza1RHO| 87 |       |SM      MX|m/s             |Layer thickness tendency due to THETA vert. adv.
   294 |LTto1RHO| 87 |       |SM      MX|m/day           |Layer thickness tendency due to all THETA terms.
   295 |LaSs1RHO| 87 |       |SM      MX|m/s             |Layer thickness tendency due to SALT surf. forc.
   296 |LaSh1RHO| 87 |       |SM      MX|m/s             |Layer thickness tendency due to SALT horiz. diff.
   297 |LaSz1RHO| 87 |       |SM      MX|m/s             |Layer thickness tendency due to SALT vert. diff.
   298 |LSha1RHO| 87 |       |SM      MX|m/s             |Layer thickness tendency due to SALT horiz. adv.
   299 |LSza1RHO| 87 |       |SM      MX|m/s             |Layer thickness tendency due to SALT vert. adv.
------------------------------------------------------------------------------------
  Num  |<-Name->|Levs|  mate |<- code ->|<--  Units   -->|<- Tile (max=80c)         
------------------------------------------------------------------------------------
   300 |LSto1RHO| 87 |       |SM      MX|m/day           |Layer thickness tendency due to all SALT terms.
   301 |LaPc1RHO| 88 |       |SM      MX|1               |Layer Probability at tracer points [-]
   302 |SHIfwFlx|  1 |       |SM      L1|kg/m^2/s        |Ice shelf fresh water flux (positive upward)
   303 |SHIhtFlx|  1 |       |SM      L1|W/m^2           |Ice shelf heat flux  (positive upward)
   304 |SHI_TauX|  1 |   208 |UU      L1|N/m^2           |Ice shelf bottom stress, zonal  comp., >0 increases uVel
   305 |SHI_TauY|  1 |   207 |VV      L1|N/m^2           |Ice shelf bottom stress, merid. comp., >0 increases vVel
   306 |SHIForcT|  1 |       |SM      L1|W/m^2           |Ice shelf forcing for theta, >0 increases theta
   307 |SHIForcS|  1 |       |SM      L1|g/m^2/s         |Ice shelf forcing for salt, >0 increases salt
   308 |SHIgammT|  1 |       |SM      L1|m/s             |Ice shelf exchange coefficient for theta
   309 |SHIgammS|  1 |       |SM      L1|m/s             |Ice shelf exchange coefficient for salt
   310 |SHI_mass|  1 |       |SM      L1|kg/m^2          |dynamic ice shelf mass for surface load anomaly
   311 |SHIuStar|  1 |       |SM      L1|m/s             |Friction velocity at bottom of ice shelf
   312 |SHICDrag|  1 |       |SM      L1|1               |Shelfice drag coefficient for u* parameterization
------------------------------------------------------------------------------------
  Num  |<-Name->|Levs|  mate |<- code ->|<--  Units   -->|<- Tile (max=80c)         
------------------------------------------------------------------------------------
